"../../../Engine/Content/Animation/DefaultAnimBoneCompressionSettings.uasset" 0
"../../../../../../Users/s208059/Desktop/GitHub/GraphicsAssessment/Content/Characters/XBot/SK_XBot_Skeleton.uasset" 1
"../../../../../../Users/s208059/Desktop/GitHub/GraphicsAssessment/Content/Characters/XBot/Animations/SL_XBot_Angry.uasset" 2
"../../../../../../Users/s208059/Desktop/GitHub/GraphicsAssessment/Content/Characters/XBot/Animations/SL_XBot_Dance.uasset" 3
"../../../../../../Users/s208059/Desktop/GitHub/GraphicsAssessment/Content/Characters/XBot/Animations/SL_XBot_Die.uasset" 4
"../../../../../../Users/s208059/Desktop/GitHub/GraphicsAssessment/Content/Characters/XBot/Animations/SK_XBot_Idle.uasset" 5
"../../../../../../Users/s208059/Desktop/GitHub/GraphicsAssessment/Content/Characters/XBot/Animations/SK_XBot_Run.uasset" 6
"../../../../../../Users/s208059/Desktop/GitHub/GraphicsAssessment/Content/Characters/XBot/Animations/SK_XBot_Walk.uasset" 7
"../../../../../../Users/s208059/Desktop/GitHub/GraphicsAssessment/Content/Characters/XBot/Animations/SK_XBot_WalkBack.uasset" 8
"../../../../../../Users/s208059/Desktop/GitHub/GraphicsAssessment/Content/Characters/XBot/Animations/SK_XBot_WalkLeft.uasset" 9
"../../../../../../Users/s208059/Desktop/GitHub/GraphicsAssessment/Content/Characters/XBot/Animations/SK_XBot_WalkRight.uasset" 10
"../../../../../../Users/s208059/Desktop/GitHub/GraphicsAssessment/Content/Characters/XBot/Animations/SL_XBot_RunBack.uasset" 11
"../../../../../../Users/s208059/Desktop/GitHub/GraphicsAssessment/Content/Characters/XBot/Animations/SL_XBot_RunLeft.uasset" 12
"../../../../../../Users/s208059/Desktop/GitHub/GraphicsAssessment/Content/Characters/XBot/Animations/SL_XBot_RunRight.uasset" 13
"../../../../../../Users/s208059/Desktop/GitHub/GraphicsAssessment/Content/Characters/XBot/SK_XBot_Locomotion_BlendSpace.uasset" 14
"../../../../../../Users/s208059/Desktop/GitHub/GraphicsAssessment/Content/Characters/XBot/EXBotAnimState.uasset" 15
"../../../../../../Users/s208059/Desktop/GitHub/GraphicsAssessment/Content/Characters/XBot/AB_XBot.uasset" 16
"../../../../../../Users/s208059/Desktop/GitHub/GraphicsAssessment/Content/Characters/XBot/Materials/Beta_HighLimbsGeoSG2.uasset" 17
"../../../../../../Users/s208059/Desktop/GitHub/GraphicsAssessment/Content/Characters/XBot/Materials/Beta_Joints_MAT.uasset" 18
"../../../../../../Users/s208059/Desktop/GitHub/GraphicsAssessment/Content/Characters/XBot/SK_XBot_PhysicsAsset.uasset" 19
"../../../../../../Users/s208059/Desktop/GitHub/GraphicsAssessment/Content/Characters/XBot/SK_XBot.uasset" 20
"../../../../../../Users/s208059/Desktop/GitHub/GraphicsAssessment/Content/Characters/XBot/BP_XBot_Base.uasset" 21
"../../../../../../Users/s208059/Desktop/GitHub/GraphicsAssessment/Content/Characters/XBot/BP_XBot.uasset" 22
"../../../../../../Users/s208059/Desktop/GitHub/GraphicsAssessment/Content/Characters/XBot/Animations/SK_XBot_Jump.uasset" 23
"../../../../../../Users/s208059/Desktop/GitHub/GraphicsAssessment/Content/UI/LevelChangeUIText/Widget_LevelChangeText.uasset" 24
"../../../../../../Users/s208059/Desktop/GitHub/GraphicsAssessment/Content/UI/LevelChangeUIText/BP_LevelChangeUI.uasset" 25
"../../../../../../Users/s208059/Desktop/GitHub/GraphicsAssessment/Content/Environment/LevelChangeUIText/BP_LevelChangeUI.uasset" 26
"../../../../../../Users/s208059/Desktop/GitHub/GraphicsAssessment/Content/Environment/LevelChangeUIText/Widget_LevelChangeText.uasset" 27
"../../../../../../Users/s208059/Desktop/GitHub/GraphicsAssessment/Content/Environment/Materials/CoblestoneMixed/T_CobblestoneMixed_A.uasset" 28
"../../../../../../Users/s208059/Desktop/GitHub/GraphicsAssessment/Content/Environment/Materials/CoblestoneMixed/T_CobblestoneMixed_AO.uasset" 29
"../../../../../../Users/s208059/Desktop/GitHub/GraphicsAssessment/Content/Environment/Materials/CoblestoneMixed/T_CobblestoneMixed_N.uasset" 30
"../../../../../../Users/s208059/Desktop/GitHub/GraphicsAssessment/Content/Environment/Materials/CoblestoneMixed/T_CobblestoneMixed_R.uasset" 31
"../../../../../../Users/s208059/Desktop/GitHub/GraphicsAssessment/Content/Environment/Materials/CoblestoneMixed/M_CobblestoneMixed.uasset" 32
"../../../../../../Users/s208059/Desktop/GitHub/GraphicsAssessment/Content/Environment/Materials/CoblestoneMixed/M_CobblestoneMixed_Inst.uasset" 33
"../../../../../../Users/s208059/Desktop/GitHub/GraphicsAssessment/Content/Environment/Materials/CoblestoneMixed/T_CobblestoneMixed_H.uasset" 34
"../../../Engine/Content/Animation/DefaultAnimCurveCompressionSettings.uasset" 35
"../../../Engine/Content/Functions/Engine_MaterialFunctions01/Opacity/CameraDepthFade.uasset" 36
"../../../Engine/Content/EngineMaterials/T_Default_Material_Grid_M.uasset" 37
"../../../Engine/Content/EngineMaterials/T_Default_Material_Grid_N.uasset" 38
"../../../Engine/Content/EngineMaterials/WorldGridMaterial.uasset" 39
"../../../Engine/Content/ArtTools/RenderToTexture/Meshes/S_1_Unit_Plane.uasset" 40
"../../../Engine/Content/EngineMaterials/DefaultMaterial.uasset" 41
"../../../Engine/Content/BasicShapes/Cone.uasset" 42
"../../../Engine/Content/BasicShapes/Cylinder.uasset" 43
"../../../Engine/Content/BasicShapes/Plane.uasset" 44
"../../../Engine/Content/BasicShapes/Sphere.uasset" 45
"../../../Engine/Content/EditorLandscapeResources/DataLayer.uasset" 46
"../../../Engine/Content/EditorMaterials/MAT_Groups_Toggle.uasset" 47
"../../../Engine/Content/EditorMaterials/MAT_Groups_Visibility.uasset" 48
"../../../Engine/Content/EditorMaterials/PreviewShadowIndicator.uasset" 49
"../../../Engine/Content/EditorMaterials/PreviewShadowIndicatorMaterial.uasset" 50
"../../../Engine/Content/EditorMaterials/MatineeGroups/MAT_ColorTrack.uasset" 51
"../../../Engine/Content/EditorMaterials/MatineeGroups/MAT_Groups_Anim.uasset" 52
"../../../Engine/Content/EditorMaterials/MatineeGroups/MAT_Groups_AudioMaster.uasset" 53
"../../../Engine/Content/EditorMaterials/MatineeGroups/MAT_Groups_Director.uasset" 54
"../../../Engine/Content/EditorMaterials/MatineeGroups/MAT_Groups_Event.uasset" 55
"../../../Engine/Content/EditorMaterials/MatineeGroups/MAT_Groups_Fade.uasset" 56
"../../../Engine/Content/EditorMaterials/MatineeGroups/MAT_Groups_Float.uasset" 57
"../../../Engine/Content/EditorMaterials/MatineeGroups/MAT_Groups_Move.uasset" 58
"../../../Engine/Content/EditorMaterials/MatineeGroups/MAT_Groups_Slomo.uasset" 59
"../../../Engine/Content/EditorMaterials/MatineeGroups/MAT_Groups_Sound.uasset" 60
"../../../Engine/Content/EditorMaterials/MatineeGroups/MAT_Groups_Vector.uasset" 61
"../../../Engine/Content/EditorMaterials/ParticleSystems/PSysThumbnail_NoImage.uasset" 62
"../../../Engine/Content/EditorMaterials/ParticleSystems/PSysThumbnail_OOD.uasset" 63
"../../../Engine/Content/EditorMaterials/Camera/CineMat.uasset" 64
"../../../Engine/Content/EditorMaterials/Camera/MI_CineMat_Rig.uasset" 65
"../../../Engine/Content/EditorMeshes/Camera/SM_CraneRig_Arm.uasset" 66
"../../../Engine/Content/EditorMeshes/Camera/SM_CraneRig_Base.uasset" 67
"../../../Engine/Content/EditorMeshes/Camera/SM_CraneRig_Body.uasset" 68
"../../../Engine/Content/EditorMeshes/Camera/SM_CraneRig_Mount.uasset" 69
"../../../Engine/Content/EditorMeshes/Camera/SM_RailRig_Mount.uasset" 70
"../../../Engine/Content/EditorMeshes/Camera/SM_RailRig_Track.uasset" 71
"../../../Engine/Content/EditorResources/BSPVertex.uasset" 72
"../../../Engine/Content/EditorResources/EmptyActor.uasset" 73
"../../../Engine/Content/EditorResources/S_Actor.uasset" 74
"../../../Engine/Content/EditorResources/S_Note.uasset" 75
"../../../Engine/Content/EditorResources/S_Solver.uasset" 76
"../../../Engine/Content/EditorResources/S_Trigger.uasset" 77
"../../../Engine/Content/EditorResources/LightIcons/S_LightError.uasset" 78
"../../../Engine/Content/EditorResources/SequenceRecorder/Countdown.uasset" 79
"../../../Engine/Content/EditorResources/SequenceRecorder/RecordingIndicator.uasset" 80
"../../../Engine/Content/EditorSounds/Notifications/CompileFailed.uasset" 81
"../../../Engine/Content/EditorSounds/Notifications/CompileFailed_Cue.uasset" 82
"../../../Engine/Content/EditorSounds/Notifications/CompileSuccess.uasset" 83
"../../../Engine/Content/EditorSounds/Notifications/CompileStart_Cue.uasset" 84
"../../../Engine/Content/EditorSounds/Notifications/CompileSuccess_Cue.uasset" 85
"../../../Engine/Content/EngineDamageTypes/DmgTypeBP_Environmental.uasset" 86
"../../../Engine/Content/EngineDebugMaterials/DebugEditorMaterial.uasset" 87
"../../../Engine/Content/EngineDebugMaterials/DebugMeshMaterial.uasset" 88
"../../../Engine/Content/EngineDebugMaterials/M_SimpleUnlitTranslucent.uasset" 89
"../../../Engine/Content/Functions/Engine_MaterialFunctions02/Utility/CameraDirectionVector.uasset" 90
"../../../Engine/Content/EngineDebugMaterials/VolumeToRender.uasset" 91
"../../../Engine/Content/EngineDebugMaterials/M_VolumeRenderSphereTracePP.uasset" 92
"../../../Engine/Content/EngineDebugMaterials/WireframeMaterial.uasset" 93
"../../../Engine/Content/EngineFonts/Faces/DroidSansFallback.uasset" 94
"../../../Engine/Content/EngineFonts/Faces/RobotoBold.uasset" 95
"../../../Engine/Content/EngineFonts/Faces/RobotoBoldItalic.uasset" 96
"../../../Engine/Content/EngineFonts/Faces/RobotoItalic.uasset" 97
"../../../Engine/Content/EngineFonts/Faces/RobotoLight.uasset" 98
"../../../Engine/Content/EngineFonts/Faces/RobotoRegular.uasset" 99
"../../../Engine/Content/EngineFonts/Roboto.uasset" 100
"../../../Engine/Content/EngineMaterials/BaseFlattenDiffuseMap.uasset" 101
"../../../Engine/Content/EngineMaterials/BaseFlattenEmissiveMap.uasset" 102
"../../../Engine/Content/EngineMaterials/BaseFlattenGrayscaleMap.uasset" 103
"../../../Engine/Content/EngineMaterials/BaseFlattenNormalMap.uasset" 104
"../../../Engine/Content/EngineMaterials/BaseFlattenMaterial.uasset" 105
"../../../Engine/Content/EngineMaterials/BlueNoise.uasset" 106
"../../../Engine/Content/EngineMaterials/DefaultBloomKernel.uasset" 107
"../../../Engine/Content/EngineMaterials/DefaultBokeh.uasset" 108
"../../../Engine/Content/EngineMaterials/DefaultDiffuse.uasset" 109
"../../../Engine/Content/EngineMaterials/DefaultDeferredDecalMaterial.uasset" 110
"../../../Engine/Content/EngineMaterials/DefaultLightFunctionMaterial.uasset" 111
"../../../Engine/Content/EngineMaterials/DefaultPhysicalMaterial.uasset" 112
"../../../Engine/Content/Functions/Engine_MaterialFunctions02/Utility/BreakOutFloat2Components.uasset" 113
"../../../Engine/Content/EngineMaterials/DefaultPostProcessMaterial.uasset" 114
"../../../Engine/Content/EngineFonts/RobotoDistanceField.uasset" 115
"../../../Engine/Content/EngineMaterials/DefaultTextMaterialOpaque.uasset" 116
"../../../Engine/Content/EngineMaterials/DefaultWhiteGrid.uasset" 117
"../../../Engine/Content/EngineMaterials/DefaultWhiteGrid_Low.uasset" 118
"../../../Engine/Content/EngineMaterials/EmissiveMeshMaterial.uasset" 119
"../../../Engine/Content/EngineMaterials/GizmoMaterial.uasset" 120
"../../../Engine/Content/EngineMaterials/Good64x64TilingNoiseHighFreq.uasset" 121
"../../../Engine/Content/EngineMaterials/MiniFont.uasset" 122
"../../../Engine/Content/EngineMaterials/InvalidLightmapSettings.uasset" 123
"../../../Engine/Content/EngineMaterials/M_InvalidLightmapSettings.uasset" 124
"../../../Engine/Content/Functions/Engine_MaterialFunctions02/WorldPositionOffset/CameraOffset.uasset" 125
"../../../Engine/Content/EngineMaterials/PhAT_JointLimitMaterial.uasset" 126
"../../../Engine/Content/EngineMaterials/PreintegratedSkinBRDF.uasset" 127
"../../../Engine/Content/EngineMaterials/RemoveSurfaceMaterial.uasset" 128
"../../../Engine/Content/EngineMaterials/WeightMapPlaceholderTexture.uasset" 129
"../../../Engine/Content/EngineResources/WhiteSquareTexture.uasset" 130
"../../../Engine/Content/EngineMaterials/Widget3DPassThrough.uasset" 131
"../../../Engine/Content/EngineMaterials/Widget3DPassThrough_Masked.uasset" 132
"../../../Engine/Content/EngineMaterials/Widget3DPassThrough_Opaque.uasset" 133
"../../../Engine/Content/EngineMaterials/Widget3DPassThrough_Masked_OneSided.uasset" 134
"../../../Engine/Content/EngineMaterials/Widget3DPassThrough_Opaque_OneSided.uasset" 135
"../../../Engine/Content/EngineMaterials/Widget3DPassThrough_Translucent.uasset" 136
"../../../Engine/Content/EngineMaterials/Widget3DPassThrough_Translucent_OneSided.uasset" 137
"../../../Engine/Content/EngineMeshes/Cylinder.uasset" 138
"../../../Engine/Content/EngineMeshes/Sphere.uasset" 139
"../../../Engine/Content/EngineResources/Black.uasset" 140
"../../../Engine/Content/EngineResources/DefaultTexture.uasset" 141
"../../../Engine/Content/EngineResources/DefaultTextureCube.uasset" 142
"../../../Engine/Content/EngineResources/DefaultVolumeTexture2D.uasset" 143
"../../../Engine/Content/EngineResources/DefaultVolumeTexture.uasset" 144
"../../../Engine/Content/EngineResources/GradientTexture0.uasset" 145
"../../../Engine/Content/EngineSounds/Master.uasset" 146
"../../../Engine/Content/Functions/Engine_MaterialFunctions01/Shading/ConvertFromDiffSpec.uasset" 147
"../../../Engine/Content/Functions/Engine_MaterialFunctions01/Shading/PowerToRoughness.uasset" 148
"../../../Engine/Content/Maps/Templates/Thumbnails/Default.uasset" 149
"../../../Engine/Content/Maps/Templates/Thumbnails/TimeOfDay.uasset" 150
"../../../Engine/Content/Maps/Templates/Thumbnails/VR-Basic.uasset" 151
"../../../Engine/Content/MobileResources/T_MobileControls_texture.uasset" 152
"../../../Engine/Content/MobileResources/T_MobileMenu2.uasset" 153
"../../../Engine/Content/MobileResources/HUD/AnalogHat.uasset" 154
"../../../Engine/Content/MobileResources/HUD/VirtualJoystick_Background.uasset" 155
"../../../Engine/Content/MobileResources/HUD/VirtualJoystick_Thumb.uasset" 156
"../../../Engine/Content/MobileResources/HUD/DefaultVirtualJoysticks.uasset" 157
"../../../Engine/Content/MobileResources/HUD/LeftVirtualJoystickOnly.uasset" 158
"../../../Engine/Content/MobileResources/HUD/MobileHUDButton1_off.uasset" 159
"../../../Engine/Content/MobileResources/HUD/MobileHUDButton1_on.uasset" 160
"../../../Engine/Content/MobileResources/HUD/MobileHUDButton2_off.uasset" 161
"../../../Engine/Content/MobileResources/HUD/MobileHUDButton2_on.uasset" 162
"../../../Engine/Content/MobileResources/HUD/MobileHUDButton3.uasset" 163
"../../../Engine/Content/MobileResources/HUD/MobileHUDButtonFire.uasset" 164
"../../../Engine/Content/MobileResources/HUD/MobileHUDDirectionPad.uasset" 165
"../../../Engine/Content/MobileResources/HUD/MobileHUDDirectionPad2.uasset" 166
"../../../Engine/Content/MobileResources/HUD/MobileHUDDirectionPad3.uasset" 167
"../../../Engine/Content/MobileResources/HUD/MobileHUDDirectionStick.uasset" 168
"../../../Engine/Content/MobileResources/HUD/T_Castle_ThumbstickInner.uasset" 169
"../../../Engine/Content/MobileResources/HUD/T_Castle_ThumbstickOutter.uasset" 170
"../../../Engine/Content/Tutorial/ContentIntroCurve.uasset" 171
"../../../Engine/Content/Tutorial/Basics/LevelEditorAttract.uasset" 172
"../../../Engine/Content/Tutorial/Basics/TutorialAssets/icon_tab_Levels_40x.uasset" 173
"../../../Engine/Content/Tutorial/Basics/LevelEditorOverview.uasset" 174
"../../../Engine/Content/VREditor/LaserPointer/VR_LaserPower_01.uasset" 175
"../../../Engine/Content/VREditor/TransformGizmo/TransformGizmoMaterial.uasset" 176
"../../../Engine/Content/VREditor/TransformGizmo/TranslucentTransformGizmoMaterial.uasset" 177
"../../../Engine/Content/VREditor/TransformGizmo/BoundingBoxCorner.uasset" 178
"../../../Engine/Content/VREditor/TransformGizmo/BoundingBoxEdge.uasset" 179
"../../../Engine/Content/VREditor/TransformGizmo/PlaneTranslationHandle.uasset" 180
"../../../Engine/Content/VREditor/TransformGizmo/Main.uasset" 181
"../../../Engine/Content/VREditor/TransformGizmo/Xray.uasset" 182
"../../../Engine/Content/VREditor/TransformGizmo/SM_Sequencer_Key.uasset" 183
"../../../Engine/Content/VREditor/TransformGizmo/SM_Sequencer_Node.uasset" 184
"../../Plugins/2D/Paper2D/Content/PlaceholderTextures/DummySpriteTexture.uasset" 185
"../../Plugins/2D/Paper2D/Content/DummySprite.uasset" 186
"../../Plugins/2D/Paper2D/Content/DefaultPaperTerrainMaterial.uasset" 187
"../../Plugins/2D/Paper2D/Content/DefaultSpriteMaterial.uasset" 188
"../../Plugins/2D/Paper2D/Content/MaskedUnlitSpriteMaterial.uasset" 189
"../../Plugins/2D/Paper2D/Content/OpaqueUnlitSpriteMaterial.uasset" 190
"../../Plugins/FX/Niagara/Content/Enums/ENiagaraBooleanLogicOps.uasset" 191
"../../Plugins/FX/Niagara/Content/Enums/ENiagaraCoordinateSpace.uasset" 192
"../../Plugins/FX/Niagara/Content/Enums/ENiagaraExpansionMode.uasset" 193
"../../Plugins/FX/Niagara/Content/Enums/ENiagaraOrientationAxis.uasset" 194
"../../Plugins/FX/Niagara/Content/Enums/ENiagaraRandomnessMode.uasset" 195
"../../../Engine/Content/Functions/Engine_MaterialFunctions02/Utility/BreakOutFloat4Components.uasset" 196
"../../../Engine/Content/Functions/Engine_MaterialFunctions02/Utility/MakeFloat2.uasset" 197
"../../../Engine/Content/Functions/Engine_MaterialFunctions02/Utility/MakeFloat3.uasset" 198
"../../Plugins/Runtime/Oculus/OculusVR/Content/Materials/OculusMR_ChromaKey.uasset" 199
"../../Plugins/Runtime/Oculus/OculusVR/Content/Materials/OculusMR_ChromaKey_Lit.uasset" 200
"../../Plugins/Runtime/Oculus/OculusVR/Content/Materials/OculusMR_OpaqueColoredMaterial.uasset" 201
"../../Plugins/Runtime/Oculus/OculusVR/Content/Materials/OculusMR_WhiteMaterial.uasset" 202
"../../../../../../Users/s208059/Desktop/GitHub/GraphicsAssessment/Content/Blueprints/BP_LevelChanger.uasset" 203
"../../../Engine/Content/BasicShapes/BasicShapeMaterial.uasset" 204
"../../../Engine/Content/BasicShapes/Cube.uasset" 205
"../../../../../../Users/s208059/Desktop/GitHub/GraphicsAssessment/Content/Environment/Torch/T_Circle.uasset" 206
"../../../../../../Users/s208059/Desktop/GitHub/GraphicsAssessment/Content/Environment/Torch/M_Circle.uasset" 207
"../../../../../../Users/s208059/Desktop/GitHub/GraphicsAssessment/Content/Environment/Torch/PS_Flame.uasset" 208
"../../../../../../Users/s208059/Desktop/GitHub/GraphicsAssessment/Content/Environment/Torch/BP_Torch.uasset" 209
"../../../../../../Users/s208059/Desktop/GitHub/GraphicsAssessment/Content/Characters/XBot/BP_XBot_Locomotion.uasset" 210
"../../../../../../Users/s208059/Desktop/GitHub/GraphicsAssessment/Content/GM_Locomotion.uasset" 211
"../../../../../../Users/s208059/Desktop/GitHub/GraphicsAssessment/Content/Levels/Locomotion_BuiltData.uasset" 212
"../../../../../../Users/s208059/Desktop/GitHub/GraphicsAssessment/Content/UI/Widget_LocomotionControls.uasset" 213
"../../../../../../Users/s208059/Desktop/GitHub/GraphicsAssessment/Content/Levels/Locomotion.umap" 214
"../../../../../../Users/s208059/Desktop/GitHub/GraphicsAssessment/Content/Characters/XBot/BP_XBot_Base_UI.uasset" 215
"../../../../../../Users/s208059/Desktop/GitHub/GraphicsAssessment/Content/GM_UI.uasset" 216
"../../../../../../Users/s208059/Desktop/GitHub/GraphicsAssessment/Content/Levels/UI_BuiltData.uasset" 217
"../../../../../../Users/s208059/Desktop/GitHub/GraphicsAssessment/Content/UI/Widget_AnimUI.uasset" 218
"../../../../../../Users/s208059/Desktop/GitHub/GraphicsAssessment/Content/UI/Widget_UIControls.uasset" 219
"../../../../../../Users/s208059/Desktop/GitHub/GraphicsAssessment/Content/Levels/UI.umap" 220
"../../../Engine/Content/Maps/Entry_BuiltData.uasset" 221
"../../../Engine/Content/Maps/Entry.umap" 222
